{
  "stats": {
    "suites": 1,
    "tests": 6,
    "passes": 6,
    "pending": 0,
    "failures": 0,
    "start": "2023-02-16T08:02:14.201Z",
    "end": "2023-02-16T08:04:00.962Z",
    "duration": 106761,
    "testsRegistered": 6,
    "passPercent": 100,
    "pendingPercent": 0,
    "other": 0,
    "hasOther": false,
    "skipped": 0,
    "hasSkipped": false
  },
  "results": [
    {
      "uuid": "ae9c2022-3ba7-407a-9a4e-4b8e8e27bbfd",
      "title": "",
      "fullFile": "cypress/e2e/UserType.cy.js",
      "file": "cypress/e2e/UserType.cy.js",
      "beforeHooks": [],
      "afterHooks": [],
      "tests": [],
      "suites": [
        {
          "uuid": "686e80e6-0318-4598-b1a4-3849c23f47d5",
          "title": "UserType Module",
          "fullFile": "",
          "file": "",
          "beforeHooks": [],
          "afterHooks": [],
          "tests": [
            {
              "title": "Add New",
              "fullTitle": "UserType Module Add New",
              "timedOut": null,
              "duration": 23165,
              "state": "passed",
              "speed": "slow",
              "pass": true,
              "fail": false,
              "pending": false,
              "context": null,
              "code": "cy.get(\".breadcrumb-item.active\").should(\"be.visible\");\ncy.get(\"#hov\").should(\"be.visible\");\ncy.get(\"#hov\").click();\ncy.get(\"#salesusertypemaster-sales_user_type_name\").type(\"Rohini1\");\n//cy.get(\"#select2-tenant_master_search_user_gender-container\").click().get(\"select2-tenant_master_search_user_gender-container\")\ncy.get(\"#tenant_master_search_user_gender\").select(\"test 11\", {\n  force: true\n});\ncy.get(\"button[type='submit']\").click();",
              "err": {},
              "uuid": "69bf19e5-bcec-45b8-85ba-232250600cef",
              "parentUUID": "686e80e6-0318-4598-b1a4-3849c23f47d5",
              "isHook": false,
              "skipped": false
            },
            {
              "title": "Search By User Type",
              "fullTitle": "UserType Module Search By User Type",
              "timedOut": null,
              "duration": 16225,
              "state": "passed",
              "speed": "slow",
              "pass": true,
              "fail": false,
              "pending": false,
              "context": null,
              "code": "cy.get(\"#headingSearch\").click();\ncy.get(\"#select2-salesusertypemastersearch-sales_user_type_name-container\").click().get(\"#salesusertypemastersearch-sales_user_type_name\").select(\"test 11\", {\n  force: true\n});\n//serach by user type\ncy.get(\"button[type='submit']\").click(); //click on search \n// select2-salesusertypemastersearch-sales_user_type_status-container",
              "err": {},
              "uuid": "e5d10bfa-8d43-48f8-97b6-94854dd1b9b6",
              "parentUUID": "686e80e6-0318-4598-b1a4-3849c23f47d5",
              "isHook": false,
              "skipped": false
            },
            {
              "title": "Search By Status",
              "fullTitle": "UserType Module Search By Status",
              "timedOut": null,
              "duration": 15604,
              "state": "passed",
              "speed": "slow",
              "pass": true,
              "fail": false,
              "pending": false,
              "context": null,
              "code": "cy.get(\"#headingSearch\").click();\ncy.get(\"#select2-salesusertypemastersearch-sales_user_type_status-container\").click().get(\"#salesusertypemastersearch-sales_user_type_status\").select(\"Inactive\", {\n  force: true\n});\n//serach by user type\ncy.get(\"button[type='submit']\").click(); //click on search",
              "err": {},
              "uuid": "efd39af3-98c3-4b41-b258-748a6dde9f8c",
              "parentUUID": "686e80e6-0318-4598-b1a4-3849c23f47d5",
              "isHook": false,
              "skipped": false
            },
            {
              "title": "Validation Of UserType Page",
              "fullTitle": "UserType Module Validation Of UserType Page",
              "timedOut": null,
              "duration": 14487,
              "state": "passed",
              "speed": "slow",
              "pass": true,
              "fail": false,
              "pending": false,
              "context": null,
              "code": "cy.get(\"em[data-placement='left']\").should(\"be.visible\");\ncy.get(\"#hov\").should(\"be.visible\"); //add new button\ncy.get(\"#headingSearch\").should(\"be.visible\"); //search button\ncy.get(\".btn.btn-default.dropdown-toggle\").should(\"be.visible\"); //coulumn selection\ncy.get(\"#change-records-per-page\").should(\"be.visible\"); //no of record per page visibility\ncy.get(\"div[class='pull-left d-none d-lg-block'] div[class='summary']\").should(\"be.visible\");",
              "err": {},
              "uuid": "21874b30-de70-4547-bab7-0648ff5434b6",
              "parentUUID": "686e80e6-0318-4598-b1a4-3849c23f47d5",
              "isHook": false,
              "skipped": false
            },
            {
              "title": "Edit Actions On Usertype",
              "fullTitle": "UserType Module Edit Actions On Usertype",
              "timedOut": null,
              "duration": 20350,
              "state": "passed",
              "speed": "slow",
              "pass": true,
              "fail": false,
              "pending": false,
              "context": null,
              "code": "cy.get('#table1>tbody>[data-index=\"0\"]>.text-center.btn-space>.mr-1:first-child').click();\ncy.get(\".breadcrumb-item.active\").should(\"be.contain\", \"Update User Type\"); //update user type validation\ncy.get('#select2-tenant_master_search_user_gender-container').click().get(\"#tenant_master_search_user_gender\").select(\"Level 1\", {\n  force: true\n});\n//cy.get('#select2-tenant_master_search_user_gender-container').select(\"Level 1\",{force:true})\ncy.get(\"button[type='submit']\").click(); // click on update\ncy.contains(\"Updated Successfully.\").should(\"be.visible\");",
              "err": {},
              "uuid": "95bd1e6a-1e61-40ee-b352-a53f6062d82c",
              "parentUUID": "686e80e6-0318-4598-b1a4-3849c23f47d5",
              "isHook": false,
              "skipped": false
            },
            {
              "title": "Delete Actions On Usertype",
              "fullTitle": "UserType Module Delete Actions On Usertype",
              "timedOut": null,
              "duration": 13810,
              "state": "passed",
              "speed": "slow",
              "pass": true,
              "fail": false,
              "pending": false,
              "context": null,
              "code": "cy.get('#table1>tbody>[data-index=\"0\"]>.text-center.btn-space>.mr-1:nth-child(2)').click();\n//cy.contains(\"Are you sure ?\").should(\"be.visible\"); //update user type validation\ncy.get('#deleteUserType').click({\n  force: true\n}); // clcik on delete\n//cy.get(\"button[class='btn btn-secondary waves-effect waves-light']\").click() //clcicking on close/cancel\n//cy.contains(\"Removed Successfully.\").should(\"be.visible\");",
              "err": {},
              "uuid": "e7429aff-78a4-4918-969e-c7a87b64cb99",
              "parentUUID": "686e80e6-0318-4598-b1a4-3849c23f47d5",
              "isHook": false,
              "skipped": false
            }
          ],
          "suites": [],
          "passes": [
            "69bf19e5-bcec-45b8-85ba-232250600cef",
            "e5d10bfa-8d43-48f8-97b6-94854dd1b9b6",
            "efd39af3-98c3-4b41-b258-748a6dde9f8c",
            "21874b30-de70-4547-bab7-0648ff5434b6",
            "95bd1e6a-1e61-40ee-b352-a53f6062d82c",
            "e7429aff-78a4-4918-969e-c7a87b64cb99"
          ],
          "failures": [],
          "pending": [],
          "skipped": [],
          "duration": 103641,
          "root": false,
          "rootEmpty": false,
          "_timeout": 2000
        }
      ],
      "passes": [],
      "failures": [],
      "pending": [],
      "skipped": [],
      "duration": 0,
      "root": true,
      "rootEmpty": true,
      "_timeout": 2000
    }
  ],
  "meta": {
    "mocha": {
      "version": "7.0.1"
    },
    "mochawesome": {
      "options": {
        "quiet": false,
        "reportFilename": "mochawesome",
        "saveHtml": false,
        "saveJson": true,
        "consoleReporter": "spec",
        "useInlineDiffs": false,
        "code": true
      },
      "version": "7.1.3"
    },
    "marge": {
      "options": {
        "charts": true,
        "overwrite": false,
        "html": false,
        "json": true,
        "reportDir": "cypress/report/mochawesome-report"
      },
      "version": "6.2.0"
    }
  }
}