{
  "stats": {
    "suites": 1,
    "tests": 3,
    "passes": 3,
    "pending": 0,
    "failures": 0,
    "start": "2023-02-16T07:54:23.286Z",
    "end": "2023-02-16T07:55:33.871Z",
    "duration": 70585,
    "testsRegistered": 3,
    "passPercent": 100,
    "pendingPercent": 0,
    "other": 0,
    "hasOther": false,
    "skipped": 0,
    "hasSkipped": false
  },
  "results": [
    {
      "uuid": "fb2f5a6e-2327-442f-9318-2cab8445f01d",
      "title": "",
      "fullFile": "cypress/e2e/Permissions.cy.js",
      "file": "cypress/e2e/Permissions.cy.js",
      "beforeHooks": [],
      "afterHooks": [],
      "tests": [],
      "suites": [
        {
          "uuid": "a818cf5a-5f8e-4f44-a4ed-79b2950d3d2b",
          "title": "LoyaltiExpert_Permission ",
          "fullFile": "",
          "file": "",
          "beforeHooks": [],
          "afterHooks": [],
          "tests": [
            {
              "title": "Action_Edit",
              "fullTitle": "LoyaltiExpert_Permission  Action_Edit",
              "timedOut": null,
              "duration": 28040,
              "state": "passed",
              "speed": "slow",
              "pass": true,
              "fail": false,
              "pending": false,
              "context": null,
              "code": "cy.get('#table1>tbody>[data-index=\"0\"]>.text-left.btn-space>.mr-1:first-child').click();\ncy.get(\"#rolemaster-rm_name\").type(\"Manager\", {\n  force: true\n});\ncy.get(\"#assigned_pagerole_multiselect\").select('Announcement Type-Write', {\n  force: true\n});\ncy.get(\"button[value='update']\").click(); //apply button\ncy.contains(\"Your change applied successfully.\").should(\"be.visible\");\n/*cy.get('.btn btn-format-size btn-relief-primary waves-effect waves-light').click()//update button\ncy.contains(\"Your change applied successfully.\").should(\"be.visible\"); */",
              "err": {},
              "uuid": "91420731-5573-49ed-9387-b8319ed0dde3",
              "parentUUID": "a818cf5a-5f8e-4f44-a4ed-79b2950d3d2b",
              "isHook": false,
              "skipped": false
            },
            {
              "title": "Action_Delete",
              "fullTitle": "LoyaltiExpert_Permission  Action_Delete",
              "timedOut": null,
              "duration": 17663,
              "state": "passed",
              "speed": "slow",
              "pass": true,
              "fail": false,
              "pending": false,
              "context": null,
              "code": "cy.get(\"#headingSubUserRoleSearch\").click(); //search it by role\ncy.get('[name=\"RoleMasterSearch[rm_name]\"]').type(\"abc\", {\n  force: true\n});\ncy.get(\"button[type='submit']\").click();\ncy.get('#table1>tbody>[data-index=\"0\"]>.text-left.btn-space>.mr-1:nth-child(2)').click();\n//cy.contains(\"Your change applied successfully.\").should(\"be.visible\");",
              "err": {},
              "uuid": "e7c7e3d8-9d20-4542-aba6-d956e0fc4090",
              "parentUUID": "a818cf5a-5f8e-4f44-a4ed-79b2950d3d2b",
              "isHook": false,
              "skipped": false
            },
            {
              "title": "Add new",
              "fullTitle": "LoyaltiExpert_Permission  Add new",
              "timedOut": null,
              "duration": 21709,
              "state": "passed",
              "speed": "slow",
              "pass": true,
              "fail": false,
              "pending": false,
              "context": null,
              "code": "cy.get(\"#hov\").click();\n//cy.get(\".breadcrumb-item.active\").should(\"be.contains\",\"Create Sub User Role \")\ncy.get(\"#rolemaster-rm_name\").type(\"Tester1\");\ncy.get(\"#assigned_pagerole_multiselect\").select(\"Announcement Master-Read\", {\n  force: true\n});\ncy.get(\"button[type='submit']\").click();\ncy.contains(\"Created Successfully\").should(\"be.visible\");",
              "err": {},
              "uuid": "56fca84e-f7bb-44a4-bc2c-67515f96adad",
              "parentUUID": "a818cf5a-5f8e-4f44-a4ed-79b2950d3d2b",
              "isHook": false,
              "skipped": false
            }
          ],
          "suites": [],
          "passes": [
            "91420731-5573-49ed-9387-b8319ed0dde3",
            "e7c7e3d8-9d20-4542-aba6-d956e0fc4090",
            "56fca84e-f7bb-44a4-bc2c-67515f96adad"
          ],
          "failures": [],
          "pending": [],
          "skipped": [],
          "duration": 67412,
          "root": false,
          "rootEmpty": false,
          "_timeout": 2000
        }
      ],
      "passes": [],
      "failures": [],
      "pending": [],
      "skipped": [],
      "duration": 0,
      "root": true,
      "rootEmpty": true,
      "_timeout": 2000
    }
  ],
  "meta": {
    "mocha": {
      "version": "7.0.1"
    },
    "mochawesome": {
      "options": {
        "quiet": false,
        "reportFilename": "mochawesome",
        "saveHtml": false,
        "saveJson": true,
        "consoleReporter": "spec",
        "useInlineDiffs": false,
        "code": true
      },
      "version": "7.1.3"
    },
    "marge": {
      "options": {
        "charts": true,
        "overwrite": false,
        "html": false,
        "json": true,
        "reportDir": "cypress/report/mochawesome-report"
      },
      "version": "6.2.0"
    }
  }
}