{
  "stats": {
    "suites": 1,
    "tests": 13,
    "passes": 13,
    "pending": 0,
    "failures": 0,
    "start": "2023-02-16T07:48:20.237Z",
    "end": "2023-02-16T07:52:20.593Z",
    "duration": 240356,
    "testsRegistered": 13,
    "passPercent": 100,
    "pendingPercent": 0,
    "other": 0,
    "hasOther": false,
    "skipped": 0,
    "hasSkipped": false
  },
  "results": [
    {
      "uuid": "8d2ca5b6-48fd-43ed-9ad1-ecc98f6bca0f",
      "title": "",
      "fullFile": "cypress/e2e/Cust_Auto.cy.js",
      "file": "cypress/e2e/Cust_Auto.cy.js",
      "beforeHooks": [],
      "afterHooks": [],
      "tests": [],
      "suites": [
        {
          "uuid": "5dc670d4-4348-49eb-8347-aac966a09823",
          "title": "LoyaltiExpert",
          "fullFile": "",
          "file": "",
          "beforeHooks": [],
          "afterHooks": [],
          "tests": [
            {
              "title": "Verify the Create_User Functionality",
              "fullTitle": "LoyaltiExpert Verify the Create_User Functionality",
              "timedOut": null,
              "duration": 37667,
              "state": "passed",
              "speed": "slow",
              "pass": true,
              "fail": false,
              "pending": false,
              "context": null,
              "code": "cy.get('[href=\"/customer/customer-master/create\"]').click();\n//cy.get('.card-header > .btn-primary').click()\ncy.get('#customermaster-cust_mobile_number').type('9876543210');\ncy.get('#customermaster-cust_first_name').type(\"Rohini\");\ncy.get('#customermaster-cust_last_name').type(\"Kamble\");\ncy.get('#customermaster-cust_birthdate').click();\ncy.get(\"input[title='Scroll to increment']\").type(\"1989\", {\n  force: true\n});\n/*cy.get('#customermaster-cust_birthdate\".flatpickr-input').then($el => {\n $el.get(0)._flatpickr.setDate(15, true)})*/\n/*cy.get(\".cur-month\").click({force: true}).should(($div) =>{\n expect($div.text()).equal(\"march\")\n})*/\n/*recurse(\n  ()=> cy.get('.cur-month').invoke(\"text\"),\n  (n)=>{\n   if(!n.includes!=(\"March\"))\n  {\n    cy.get(\".flatpickr-prev-month\").click()\n    return false\n  }\n  cy.contains(\".flatpickr-days\",\"12\").click()\n  return true;\n            }, {limit: 12\n            } )*/\ncy.get('.field-tenant_master_search_user_gender > .select2-container > .selection > .select2-selection').click().get('#tenant_master_search_user_gender').select(\"Female\", {\n  force: true\n});\ncy.get('#select2-tenant_master_search_user_marital_status-container').click().get(\"#tenant_master_search_user_marital_status\").select(\"Married\", {\n  force: true\n});\ncy.get('#customermaster-alternate_mobile_number').type('1212121212');\ncy.get('#customermaster-cust_email_id').type('abcd@ecosmob.com');\ncy.get('#customermaster-cust_address').type(\"ABC Chowk, Pune\");\ncy.get('#select2-customermaster-country_id-container').click().get('#customermaster-country_id').select(\"India\", {\n  force: true\n});\ncy.get('#select2-customermaster-country_id-container').click().get('#customermaster-state_id').select(\"Maharashtra\", {\n  force: true\n});\ncy.get('#select2-customermaster-city_id-container').click().get('#customermaster-city_id').select(\"Pune\", {\n  force: true\n});\ncy.get('#customermaster-cust_postal_code').type('415004');\ncy.get('#select2-customermaster-cust_category_id-container').click().get('#customermaster-cust_category_id').select(\"test1\", {\n  force: true\n});\n//cy.get('#select2-customermaster-cust_config_group_id-container').click().get('#customermaster-cust_config_group_id').select(\"test5\",{force: true})\ncy.get('.form-control[name=\"CustomerMaster[cust_company_name]\"]').type('Ecosmob pvt.ltd');\ncy.get('.form-control[name=\"CustomerMaster[cust_gst_number]\"]').type('ECOS12345');\ncy.get('#select2-customermaster-cust_status-container').click().get('#customermaster-cust_status').select(\"Active\", {\n  force: true\n});\ncy.get('#select2-customermaster-sales_user_member_id-container').click().get('#customermaster-sales_user_member_id').select(\"Leader 22\", {\n  force: true\n});\ncy.get('#is_verified').check();\n//cy.get('button[type=\"submit\"]').click() // for submit button\ncy.get('.btn.btn-format-size.btn-relief-danger.waves-effect.waves-light').click(); //for cancel button",
              "err": {},
              "uuid": "42979f0b-1973-4fdd-bed4-83a2e4bb5d77",
              "parentUUID": "5dc670d4-4348-49eb-8347-aac966a09823",
              "isHook": false,
              "skipped": false
            },
            {
              "title": "Verify the Back link of Customers Dashborad",
              "fullTitle": "LoyaltiExpert Verify the Back link of Customers Dashborad",
              "timedOut": null,
              "duration": 16194,
              "state": "passed",
              "speed": "slow",
              "pass": true,
              "fail": false,
              "pending": false,
              "context": null,
              "code": "cy.get('.card-header > .btn-primary').click();\ncy.get(\"div[class='content-wrapper'] li:nth-child(2) a:nth-child(1)\").click();\n// for going back on customers page",
              "err": {},
              "uuid": "4f6014bc-9e8e-435e-bcec-0cd7c79c386e",
              "parentUUID": "5dc670d4-4348-49eb-8347-aac966a09823",
              "isHook": false,
              "skipped": false
            },
            {
              "title": "Verify the Customers Page",
              "fullTitle": "LoyaltiExpert Verify the Customers Page",
              "timedOut": null,
              "duration": 9079,
              "state": "passed",
              "speed": "medium",
              "pass": true,
              "fail": false,
              "pending": false,
              "context": null,
              "code": "cy.title().should('include', 'Customers'); // verify it visits Customers_Page only",
              "err": {},
              "uuid": "a32b8422-1211-4e7e-b2b0-ede846511286",
              "parentUUID": "5dc670d4-4348-49eb-8347-aac966a09823",
              "isHook": false,
              "skipped": false
            },
            {
              "title": "Verify the Different options display on Customers Page",
              "fullTitle": "LoyaltiExpert Verify the Different options display on Customers Page",
              "timedOut": null,
              "duration": 9971,
              "state": "passed",
              "speed": "medium",
              "pass": true,
              "fail": false,
              "pending": false,
              "context": null,
              "code": "cy.get(\"#table1\").should(\"be.visible\"); // table visibility\ncy.get(\".footer.footer-static.footer-light.d-none.d-lg-block\").should('be.visible'); //footer visibility\ncy.get('#headingSearch').should(\"be.visible\"); //search option visibility\ncy.get(\".btn-outline-primary.btn-sm.dropdown-toggle.text-bold-700.top-margin\").should(\"be.visible\"); //Action button visibility\ncy.get('.pagination').should(\"be.visible\"); // all the page no list should be visible",
              "err": {},
              "uuid": "0a32c111-1b73-469e-ac56-688114519445",
              "parentUUID": "5dc670d4-4348-49eb-8347-aac966a09823",
              "isHook": false,
              "skipped": false
            },
            {
              "title": "Action_Button_Trashed_Functionality",
              "fullTitle": "LoyaltiExpert Action_Button_Trashed_Functionality",
              "timedOut": null,
              "duration": 20464,
              "state": "passed",
              "speed": "slow",
              "pass": true,
              "fail": false,
              "pending": false,
              "context": null,
              "code": "cy.get(\".btn-outline-primary.btn-sm.dropdown-toggle.text-bold-700.top-margin\").click();\ncy.wait(2000);\ncy.get('.dropdown-item').contains('Trashed').click();\ncy.get(\".btn-primary.btn-sm.text-bold-700[href='/customer/customer-master/export-trashed']\").should(\"be.visible\"); // In trashed Export button visibility\ncy.get('#hov').click();\ncy.get(\".breadcrumb-item.active\").should(\"be.visible\"); //customers heading is visible or not\ncy.get('.btn-outline-primary').click();",
              "err": {},
              "uuid": "36541725-987f-45a5-89ba-34000885e420",
              "parentUUID": "5dc670d4-4348-49eb-8347-aac966a09823",
              "isHook": false,
              "skipped": false
            },
            {
              "title": "Action Button Export Functionality",
              "fullTitle": "LoyaltiExpert Action Button Export Functionality",
              "timedOut": null,
              "duration": 17834,
              "state": "passed",
              "speed": "slow",
              "pass": true,
              "fail": false,
              "pending": false,
              "context": null,
              "code": "cy.get(\".btn-outline-primary.btn-sm.dropdown-toggle.text-bold-700.top-margin\").click();\ncy.wait(2000);\ncy.get('.dropdown-item').contains('Export').click();\ncy.get('strong:nth-child(1)').should(\"have.contain\", \"Export is in progress\"); // text validation\ncy.get(\".btn-outline-primary.btn-sm.dropdown-toggle.text-bold-700.top-margin\").click();",
              "err": {},
              "uuid": "2e07a741-f2b5-41bd-b048-7b5e782714b0",
              "parentUUID": "5dc670d4-4348-49eb-8347-aac966a09823",
              "isHook": false,
              "skipped": false
            },
            {
              "title": "Action Button Import Functionality",
              "fullTitle": "LoyaltiExpert Action Button Import Functionality",
              "timedOut": null,
              "duration": 23415,
              "state": "passed",
              "speed": "slow",
              "pass": true,
              "fail": false,
              "pending": false,
              "context": null,
              "code": "cy.get(\".btn-outline-primary.btn-sm.dropdown-toggle.text-bold-700.top-margin\").click();\ncy.wait(2000);\ncy.get('.dropdown-item').contains('Import').click();\ncy.get(\"#customermaster-importfileupload\").attachFile(\"demo1.csv\");\n//cy.get(\"button[type='submit']\").click()\ncy.wait(3000);\ncy.get(\"label[for='customermaster-importfileupload']\").should(\"have.contain\", \"Import File Upload\"); //validate the text\ncy.get(\"button[type='submit']\").click(); //upload button\ncy.get('.btn.btn-format-size.btn-relief-danger.waves-effect.waves-light').click(); //cancel button functionality check\ncy.get('.btn-outline-primary').click(); //Action button\ncy.wait(2000);",
              "err": {},
              "uuid": "4554be42-406e-49b4-a6a5-1e0f1377c1be",
              "parentUUID": "5dc670d4-4348-49eb-8347-aac966a09823",
              "isHook": false,
              "skipped": false
            },
            {
              "title": "Action Button Assign Sales User Functionality",
              "fullTitle": "LoyaltiExpert Action Button Assign Sales User Functionality",
              "timedOut": null,
              "duration": 19626,
              "state": "passed",
              "speed": "slow",
              "pass": true,
              "fail": false,
              "pending": false,
              "context": null,
              "code": "cy.wait(2000);\ncy.get('.dropdown-item').contains('Assign Sales User').click({\n  force: true\n});\ncy.get(\"#customermaster-importsalesuserfileupload\").attachFile(\"demo1.csv\"); //clicking & uploading the file\ncy.wait(3000);\ncy.get(\"label[for='customermaster-importsalesuserfileupload']\").should(\"have.contain\", \"Import File Upload\"); //file upload visibility check or not\ncy.get('.btn.btn-format-size.btn-relief-danger.waves-effect.waves-light').click(); //cancel button\ncy.get('.btn-outline-primary').click();",
              "err": {},
              "uuid": "26653ecb-b143-45e7-a1b9-29d4dc237b71",
              "parentUUID": "5dc670d4-4348-49eb-8347-aac966a09823",
              "isHook": false,
              "skipped": false
            },
            {
              "title": "Customer_Action_Edit_Menues",
              "fullTitle": "LoyaltiExpert Customer_Action_Edit_Menues",
              "timedOut": null,
              "duration": 30265,
              "state": "passed",
              "speed": "slow",
              "pass": true,
              "fail": false,
              "pending": false,
              "context": null,
              "code": "//cy.get(\"tbody tr:nth-child(1) td:nth-child(1) a:nth-child(1) em:nth-child(1)\").click({force:true}) //clicking on Edit\n//cy.get('[data-index=\"0\"] .text-left.btn-space .mr-1:first-child').click() // for edit\ncy.get(\"#headingSearch\").click();\n//searching by name and then making chnages\ncy.get(\"#select2-customermastersearch-cust_member_id-container\").click(); //dropsown click\ncy.get(\"input[role='textbox']\").type(\"Tanu\"); //sending text 'Rohini\ncy.get('#select2-customermastersearch-cust_member_id-results').contains(\"Tanu\").click(); //from autosuggest select \"Rohini\"\ncy.get(\"button[type='submit']\").click();\ncy.get(\"div[class='pull-left d-none d-lg-block'] div[class='summary']\").should(\"have.text\", \"Showing 1-1 of 1 item.\");\ncy.get('#table1>tbody>[data-index=\"0\"]>.text-left.btn-space>.mr-1:first-child').click(); //clicking on Edit menue from the result table\ncy.get(\"#select2-customermaster-cust_category_id-container\").click().get(\"#customermaster-cust_category_id\").select(\"Retailer\", {\n  force: true\n}); // updated users grp from electrician to retailer\ncy.get(\"button[class='btn btn-format-size btn-relief-primary waves-effect waves-light']\").click(); //clicking on update\ncy.wait(3000);\ncy.contains(\"Your change updated successfully.\").should(\"be.visible\");\ncy.get(\"tbody tr:nth-child(1) td:nth-child(1) a:nth-child(1) em:nth-child(1)\").click({\n  force: true\n}); //again click on edit\ncy.get(\"button[value='update']\").click();\ncy.wait(3000);\ncy.contains(\"Your change applied successfully.\").should(\"be.visible\");\n//cy.get(\".toast-title\").should(\"be.visible\") //click on Apply\ncy.title().should('include', \"Update Customer\"); //validating title of the page\ncy.get(\".btn.btn-format-size.btn-relief-danger.waves-effect.waves-light\").click(); //clicking on cancel button\ncy.title().should('include', \"Customers\"); //validating after cancel on customer dashbrd",
              "err": {},
              "uuid": "83faa493-8069-4121-bba5-92b0c221bc52",
              "parentUUID": "5dc670d4-4348-49eb-8347-aac966a09823",
              "isHook": false,
              "skipped": false
            },
            {
              "title": "Customer_Action_Delete_menues",
              "fullTitle": "LoyaltiExpert Customer_Action_Delete_menues",
              "timedOut": null,
              "duration": 14045,
              "state": "passed",
              "speed": "slow",
              "pass": true,
              "fail": false,
              "pending": false,
              "context": null,
              "code": "cy.get('[data-index=\"0\"] .text-left.btn-space .mr-1:nth-child(2)').click({\n  force: true\n}); //for delete\ncy.wait(1000);\ncy.get(\"#add_comment_input\").type(\"deleting..\");\ncy.get('.btn-primary.add_comment.waves-effect.waves-light').click();\ncy.wait(3000);\ncy.contains(\"Removed Successfully\").should(\"be.visible\");",
              "err": {},
              "uuid": "b273e5ce-02e1-4cc8-afa7-c4ae9c8139ef",
              "parentUUID": "5dc670d4-4348-49eb-8347-aac966a09823",
              "isHook": false,
              "skipped": false
            },
            {
              "title": "Customer_Action_View_menues",
              "fullTitle": "LoyaltiExpert Customer_Action_View_menues",
              "timedOut": null,
              "duration": 11851,
              "state": "passed",
              "speed": "slow",
              "pass": true,
              "fail": false,
              "pending": false,
              "context": null,
              "code": "cy.get('[data-index=\"0\"] .text-left.btn-space .mr-1:nth-child(3)').click(); //for view\ncy.get(\"#headingSearch\").should(\"have.text\", \"View Customer\"); //verifying heading",
              "err": {},
              "uuid": "b7a5a5a8-3227-4cfa-bfe4-66f69fe7b948",
              "parentUUID": "5dc670d4-4348-49eb-8347-aac966a09823",
              "isHook": false,
              "skipped": false
            },
            {
              "title": "Customer-Verify_Menu",
              "fullTitle": "LoyaltiExpert Customer-Verify_Menu",
              "timedOut": null,
              "duration": 14737,
              "state": "passed",
              "speed": "slow",
              "pass": true,
              "fail": false,
              "pending": false,
              "context": null,
              "code": "cy.get('[data-index=\"0\"] .text-left.btn-space .mr-1:nth-child(5)').click({\n  force: true\n}); //for verify\ncy.wait(1000);\ncy.get('.swal2-confirm').click();\ncy.wait(3000);\ncy.contains(\"Verification changed successfully\").should(\"be.visible\");",
              "err": {},
              "uuid": "cf51835a-a50a-4411-98a9-8933e910c57b",
              "parentUUID": "5dc670d4-4348-49eb-8347-aac966a09823",
              "isHook": false,
              "skipped": false
            },
            {
              "title": "Column_visibility",
              "fullTitle": "LoyaltiExpert Column_visibility",
              "timedOut": null,
              "duration": 10865,
              "state": "passed",
              "speed": "slow",
              "pass": true,
              "fail": false,
              "pending": false,
              "context": null,
              "code": "cy.get(\".btn.btn-default.dropdown-toggle\").click();\ncy.get('.dropdown-menu.show>li>label>[data-field=\"3\"]').uncheck().should(\"not.be.checked\"); //customer mobile no colum unchecked",
              "err": {},
              "uuid": "50c6687b-d056-43b6-bb4a-ce548b523380",
              "parentUUID": "5dc670d4-4348-49eb-8347-aac966a09823",
              "isHook": false,
              "skipped": false
            }
          ],
          "suites": [],
          "passes": [
            "42979f0b-1973-4fdd-bed4-83a2e4bb5d77",
            "4f6014bc-9e8e-435e-bcec-0cd7c79c386e",
            "a32b8422-1211-4e7e-b2b0-ede846511286",
            "0a32c111-1b73-469e-ac56-688114519445",
            "36541725-987f-45a5-89ba-34000885e420",
            "2e07a741-f2b5-41bd-b048-7b5e782714b0",
            "4554be42-406e-49b4-a6a5-1e0f1377c1be",
            "26653ecb-b143-45e7-a1b9-29d4dc237b71",
            "83faa493-8069-4121-bba5-92b0c221bc52",
            "b273e5ce-02e1-4cc8-afa7-c4ae9c8139ef",
            "b7a5a5a8-3227-4cfa-bfe4-66f69fe7b948",
            "cf51835a-a50a-4411-98a9-8933e910c57b",
            "50c6687b-d056-43b6-bb4a-ce548b523380"
          ],
          "failures": [],
          "pending": [],
          "skipped": [],
          "duration": 236013,
          "root": false,
          "rootEmpty": false,
          "_timeout": 2000
        }
      ],
      "passes": [],
      "failures": [],
      "pending": [],
      "skipped": [],
      "duration": 0,
      "root": true,
      "rootEmpty": true,
      "_timeout": 2000
    }
  ],
  "meta": {
    "mocha": {
      "version": "7.0.1"
    },
    "mochawesome": {
      "options": {
        "quiet": false,
        "reportFilename": "mochawesome",
        "saveHtml": false,
        "saveJson": true,
        "consoleReporter": "spec",
        "useInlineDiffs": false,
        "code": true
      },
      "version": "7.1.3"
    },
    "marge": {
      "options": {
        "charts": true,
        "overwrite": false,
        "html": false,
        "json": true,
        "reportDir": "cypress/report/mochawesome-report"
      },
      "version": "6.2.0"
    }
  }
}