{
  "stats": {
    "suites": 1,
    "tests": 7,
    "passes": 7,
    "pending": 0,
    "failures": 0,
    "start": "2023-02-16T07:45:27.209Z",
    "end": "2023-02-16T07:47:53.358Z",
    "duration": 146149,
    "testsRegistered": 7,
    "passPercent": 100,
    "pendingPercent": 0,
    "other": 0,
    "hasOther": false,
    "skipped": 0,
    "hasSkipped": false
  },
  "results": [
    {
      "uuid": "f38bfee0-ff72-4000-b371-56f83191ba86",
      "title": "",
      "fullFile": "cypress/e2e/CreatUserNode.cy.js",
      "file": "cypress/e2e/CreatUserNode.cy.js",
      "beforeHooks": [],
      "afterHooks": [],
      "tests": [],
      "suites": [
        {
          "uuid": "a70fab09-0257-4d3b-99fd-dca021cea102",
          "title": "createuser",
          "fullFile": "",
          "file": "",
          "beforeHooks": [],
          "afterHooks": [],
          "tests": [
            {
              "title": "norowsandcolumums ",
              "fullTitle": "createuser norowsandcolumums ",
              "timedOut": null,
              "duration": 22201,
              "state": "passed",
              "speed": "slow",
              "pass": true,
              "fail": false,
              "pending": false,
              "context": null,
              "code": "cy.get(\"#table1>tbody>tr\").should('be.visible');\ncy.get(\".table.table-striped.display.nowrap.table-bordered.sorting_asc.table-hover>thead>tr>th\").should('have.length', '8');",
              "err": {},
              "uuid": "4b308586-c53b-4217-9474-0a7489344ef4",
              "parentUUID": "a70fab09-0257-4d3b-99fd-dca021cea102",
              "isHook": false,
              "skipped": false
            },
            {
              "title": "adduser ",
              "fullTitle": "createuser adduser ",
              "timedOut": null,
              "duration": 31493,
              "state": "passed",
              "speed": "slow",
              "pass": true,
              "fail": false,
              "pending": false,
              "context": null,
              "code": "cy.wait(2000);\ncy.get('#hov').click();\n//cy.get('#headingCredentialDetails > h6').contains{\"Credential Details\"}\ncy.get('.breadcrumb > .active').should(\"contain\", \"Create User\");\ncy.get('#subusermaster-sub_user_username').type(\"cypress_test@ecosmob.com\");\n//cy.get('#subusermaster-sub_user_username').should(\"have.value\",\"neha.suryawanshi@ecosmob.com\")\n// cy.get('#headingBasicDetails > h6').contains{\"Basic Details\"}\ncy.get(\"#subusermaster-sub_user_password\").type(\"test@123\");\n//.should(\"have.value\",\"test@123\")\ncy.get('#subusermaster-sub_user_first_name').type(\"cypress\").should(\"have.value\", \"cypress\");\n// cy.get('.field-subusermaster-sub_user_last_name > .control-label').contains{\"Lastname\"}\ncy.get('#subusermaster-sub_user_last_name').type(\"Test\").should(\"have.value\", \"Test\");\ncy.get('#subusermaster-sub_user_contact_number').type(\"1234567890\").should(\"have.value\", \"1234567890\");\ncy.get('#select2-tenant_master_search_user_gender-container').click().get(\"#tenant_master_search_user_gender\").select(\"Male\", {\n  force: true\n});\ncy.get(\"#select2-subusermaster-rm_id-container\").click({\n  force: true\n}).get(\"#subusermaster-rm_id\").select(\"invoice download\", {\n  force: true\n});\n// cy.get('#select2-subusermaster-sub_user_department_id-container').click().get(\"#select2-subusermaster-sub_user_department_id-results\").select(\"Testing\",{force:true})\ncy.get(\"#select2-subusermaster-sub_user_department_id-container\").click().get('#subusermaster-sub_user_department_id').select(\"Testing\", {\n  force: true\n});\ncy.get(\".btn-relief-primary\").click();\ncy.get('.btn-relief-danger').should('be.visible');\ncy.wait(3000);\ncy.reload();\ncy.wait(3000);",
              "err": {},
              "uuid": "a796a549-1399-4a19-a442-c24e3095b6cc",
              "parentUUID": "a70fab09-0257-4d3b-99fd-dca021cea102",
              "isHook": false,
              "skipped": false
            },
            {
              "title": "edituserpage",
              "fullTitle": "createuser edituserpage",
              "timedOut": null,
              "duration": 14977,
              "state": "passed",
              "speed": "slow",
              "pass": true,
              "fail": false,
              "pending": false,
              "context": null,
              "code": "cy.get('[data-index=\"0\"] .text-left.btn-space .mr-1:first-child').click();\ncy.get(\"[name$='SubUserMaster[sub_user_first_name]']\").clear();\ncy.get(\"[name$='SubUserMaster[sub_user_first_name]']\").type(\"automation\");\ncy.get(\"button[class='btn btn-format-size btn-relief-primary waves-effect waves-light']\").click();\n//.first().contains(\"Update\").click()",
              "err": {},
              "uuid": "0184179c-e5e7-496d-8896-89523ddeebbb",
              "parentUUID": "a70fab09-0257-4d3b-99fd-dca021cea102",
              "isHook": false,
              "skipped": false
            },
            {
              "title": "deleteuser",
              "fullTitle": "createuser deleteuser",
              "timedOut": null,
              "duration": 12894,
              "state": "passed",
              "speed": "slow",
              "pass": true,
              "fail": false,
              "pending": false,
              "context": null,
              "code": "cy.get('[data-index=\"0\"] .text-left.btn-space .mr-1:nth-child(2)').click(); //delete \ncy.on('window:confirm', t => {\n  expect(t).to.contains('Are you sure want to delete this record?');\n});\ncy.get(\".toast-message\").should('contain', \"Deleted Successfully\");",
              "err": {},
              "uuid": "a4b3aff0-3e6a-4f2e-a74c-16d13385f71b",
              "parentUUID": "a70fab09-0257-4d3b-99fd-dca021cea102",
              "isHook": false,
              "skipped": false
            },
            {
              "title": "login in listing ",
              "fullTitle": "createuser login in listing ",
              "timedOut": null,
              "duration": 34226,
              "state": "passed",
              "speed": "slow",
              "pass": true,
              "fail": false,
              "pending": false,
              "context": null,
              "code": "cy.get(\"div[class='fixed-table-header'] th:nth-child(2) div:nth-child(1)\").should('be.visible'); //login in listing \ncy.get('[data-index=\"0\"] > [data-label=\"Login\"] > form > .btn').click();\ncy.get('form > .btn').should('be.visible');\ncy.wait(5000);\ncy.get('form > .btn').click();",
              "err": {},
              "uuid": "b74ca7b8-5f59-49bc-9d14-d2a400734466",
              "parentUUID": "a70fab09-0257-4d3b-99fd-dca021cea102",
              "isHook": false,
              "skipped": false
            },
            {
              "title": "dropdowncheck ",
              "fullTitle": "createuser dropdowncheck ",
              "timedOut": null,
              "duration": 11010,
              "state": "passed",
              "speed": "slow",
              "pass": true,
              "fail": false,
              "pending": false,
              "context": null,
              "code": "cy.get('.btn.btn-default.dropdown-toggle').click(); //3 line dropdown\ncy.get('.dropdown-menu.show>li>label>[data-field=\"0\"]').uncheck().should('not.be.checked');\ncy.get('.dropdown-menu.show>li>label>[data-field=\"0\"]').check().should('be.checked');",
              "err": {},
              "uuid": "e87f284b-4202-4933-bbcb-ba8ba3188cda",
              "parentUUID": "a70fab09-0257-4d3b-99fd-dca021cea102",
              "isHook": false,
              "skipped": false
            },
            {
              "title": "searchuser ",
              "fullTitle": "createuser searchuser ",
              "timedOut": null,
              "duration": 15475,
              "state": "passed",
              "speed": "slow",
              "pass": true,
              "fail": false,
              "pending": false,
              "context": null,
              "code": "cy.get('#headingSubUserMasterSearch').click(); //search\ncy.get('#subusermastersearch-sub_user_member_id').type('4993595853').should(\"have.value\", \"4993595853\");\ncy.get('#subusermastersearch-sub_user_username').type('subusernew@gmail.com').should(\"have.value\", \"subusernew@gmail.com\");\n// cy.get('[id^=\"select2-tenant_master_sub_user_status-result-\"]').eq(0).click()\n// cy.get(\"#select2-tenant_master_sub_user_status-container\").click().get(\"#select2-tenant_master_sub_user_status-container\").select(\"Active\",{force:true})\n//cy.get('.dropdown-item').contains('Active').click()\n//cy.get(\"select2-tenant_master_sub_user_status-container\").select(\"Active\")\ncy.get(\"#select2-tenant_master_sub_user_status-container\").click().get(\"#tenant_master_sub_user_status\").select(\"Active\", {\n  force: true\n});\ncy.get(\"#select2-subusermastersearch-rm_id-container\").click().get(\"#subusermastersearch-rm_id\").select(\"Special Loyalty Test Role\", {\n  force: true\n});\ncy.get(\"#select2-subusermastersearch-sub_user_department_id-container\").click().get(\"#subusermastersearch-sub_user_department_id\").select(\"Testing\", {\n  force: true\n});\n// cy.get(\".btn btn-format-size btn-relief-primary waves-effect waves-light\").click()\ncy.get('.btn-relief-primary').click();\ncy.get('.btn-relief-danger').should(\"be.visible\");\ncy.get('.breadcrumb > .active').click();",
              "err": {},
              "uuid": "b273023b-f210-49e4-9719-5ff27d42b742",
              "parentUUID": "a70fab09-0257-4d3b-99fd-dca021cea102",
              "isHook": false,
              "skipped": false
            }
          ],
          "suites": [],
          "passes": [
            "4b308586-c53b-4217-9474-0a7489344ef4",
            "a796a549-1399-4a19-a442-c24e3095b6cc",
            "0184179c-e5e7-496d-8896-89523ddeebbb",
            "a4b3aff0-3e6a-4f2e-a74c-16d13385f71b",
            "b74ca7b8-5f59-49bc-9d14-d2a400734466",
            "e87f284b-4202-4933-bbcb-ba8ba3188cda",
            "b273023b-f210-49e4-9719-5ff27d42b742"
          ],
          "failures": [],
          "pending": [],
          "skipped": [],
          "duration": 142276,
          "root": false,
          "rootEmpty": false,
          "_timeout": 2000
        }
      ],
      "passes": [],
      "failures": [],
      "pending": [],
      "skipped": [],
      "duration": 0,
      "root": true,
      "rootEmpty": true,
      "_timeout": 2000
    }
  ],
  "meta": {
    "mocha": {
      "version": "7.0.1"
    },
    "mochawesome": {
      "options": {
        "quiet": false,
        "reportFilename": "mochawesome",
        "saveHtml": false,
        "saveJson": true,
        "consoleReporter": "spec",
        "useInlineDiffs": false,
        "code": true
      },
      "version": "7.1.3"
    },
    "marge": {
      "options": {
        "charts": true,
        "overwrite": false,
        "html": false,
        "json": true,
        "reportDir": "cypress/report/mochawesome-report"
      },
      "version": "6.2.0"
    }
  }
}