{
  "stats": {
    "suites": 1,
    "tests": 8,
    "passes": 8,
    "pending": 0,
    "failures": 0,
    "start": "2023-02-16T07:55:49.330Z",
    "end": "2023-02-16T07:59:37.830Z",
    "duration": 228500,
    "testsRegistered": 8,
    "passPercent": 100,
    "pendingPercent": 0,
    "other": 0,
    "hasOther": false,
    "skipped": 0,
    "hasSkipped": false
  },
  "results": [
    {
      "uuid": "1d48d06a-77aa-4286-8532-daad2de5bf60",
      "title": "",
      "fullFile": "cypress/e2e/Search_Customer.cy.js",
      "file": "cypress/e2e/Search_Customer.cy.js",
      "beforeHooks": [],
      "afterHooks": [],
      "tests": [],
      "suites": [
        {
          "uuid": "4a1d883b-644e-4cfd-97f8-665b88f0ef40",
          "title": "LoyaltiExpert_Search By Different Parameters",
          "fullFile": "",
          "file": "",
          "beforeHooks": [],
          "afterHooks": [],
          "tests": [
            {
              "title": "Search with: Name",
              "fullTitle": "LoyaltiExpert_Search By Different Parameters Search with: Name",
              "timedOut": null,
              "duration": 25388,
              "state": "passed",
              "speed": "slow",
              "pass": true,
              "fail": false,
              "pending": false,
              "context": null,
              "code": "cy.get(\"#headingSearch\").click();\n//Search by Name\ncy.get(\"#select2-customermastersearch-cust_member_id-container\").click(); //dropsown click\ncy.get(\"input[role='textbox']\").type(\"Tanu\"); //sending text 'Rohini\ncy.get('#select2-customermastersearch-cust_member_id-results').contains(\"Tanu\").click(); //from autosuggest select \"Rohini\"\n// cy.get(\"#select2-customermastersearch-cust_member_id-results\").select(\"Rohini\")\n/*cy.get(\".select2-results__options\").click()*/\ncy.get(\"button[type='submit']\").click();\ncy.get(\"div[class='pull-left d-none d-lg-block'] div[class='summary']\").should(\"have.text\", \"Showing 1-1 of 1 item.\");\ncy.get(\"#headingSearch\").click();\ncy.get(\"#select2-customermastersearch-cust_member_id-container\").click(); //click on search button\ncy.get(\"input[role='textbox']\").clear();\n// cy.get(\"div[class='pull-left d-none d-lg-block'] div[class='summary']\").should(\"have.text\",\"Showing 1-1 of 1 item.\")",
              "err": {},
              "uuid": "be193105-d500-42ac-9db6-ed32c85434d1",
              "parentUUID": "4a1d883b-644e-4cfd-97f8-665b88f0ef40",
              "isHook": false,
              "skipped": false
            },
            {
              "title": "Search with: Mobile No:",
              "fullTitle": "LoyaltiExpert_Search By Different Parameters Search with: Mobile No:",
              "timedOut": null,
              "duration": 25385,
              "state": "passed",
              "speed": "slow",
              "pass": true,
              "fail": false,
              "pending": false,
              "context": null,
              "code": "//search by Mobile no\ncy.wait(3000);\ncy.get(\"#headingSearch\").click();\ncy.get('#customermastersearch-cust_mobile_number').type('2222222222', {\n  force: true\n});\ncy.get(\"button[type='submit']\").click();\ncy.wait(3000);\ncy.get(\"div[class='pull-left d-none d-lg-block'] div[class='summary']\").should(\"have.text\", \"Showing 1-1 of 1 item.\");\ncy.wait(3000);\ncy.get(\"#headingSearch\").click();\ncy.wait(3000);\ncy.get('#customermastersearch-cust_mobile_number').clear();",
              "err": {},
              "uuid": "a64d005b-3d3f-4f8c-8238-32669fe182a8",
              "parentUUID": "4a1d883b-644e-4cfd-97f8-665b88f0ef40",
              "isHook": false,
              "skipped": false
            },
            {
              "title": "Search with: Customer_group",
              "fullTitle": "LoyaltiExpert_Search By Different Parameters Search with: Customer_group",
              "timedOut": null,
              "duration": 23438,
              "state": "passed",
              "speed": "slow",
              "pass": true,
              "fail": false,
              "pending": false,
              "context": null,
              "code": "//search by Customer Group\ncy.wait(3000);\n//cy.get(\"#headingSearch\").click()\n//cy.get('#customermastersearch-cust_category_id').contains('Electrician').click({force:true})\ncy.get(\"#select2-customermastersearch-cust_category_id-container\").click({\n  force: true\n}).get('#customermastersearch-cust_category_id').select(\"Electrician\", {\n  force: true\n});\ncy.get(\"button[type='submit']\").click({\n  force: true\n});\ncy.wait(3000);\ncy.get(\"div[class='pull-left d-none d-lg-block'] div[class='summary']\").contains(\"Showing\");\n/*let total_page=10\nfor(let p=3;p<=total_page;p++)\n{\nif(total_page>=1)\n{\ncy.log(\"active pages are: \"+p)\ncy.get(\"ul[class='pagination']>li:nth-child(\"+p+\")\")\ncy.wait(3000)\n// to read the  col\ncy.get(\".fixed-table-body>#table1>thead>tr>th\")\n//.fixed-table-body>#table1>thead>tr>th:nth-child(4)\n//div[class='fixed-table-header'] th:nth-child(1) div:nth-child(1)\n .each(($row, index,$rows)=>\n {// getting every row, index of row\n  cy.wrap($row).within( () =>\n   { //.fixed-table-body>#table1>tbody>tr>td:nth-child(4)\n      cy.get(\"#table1>tbody>tr>td:nth-child(4)\").then( (e)=>\n      {\n            cy.log(e.text());\n  \n      })\n   })\n })\n}\n}*/\ncy.wait(3000);\ncy.get(\"#headingSearch\").click();\ncy.wait(3000);\ncy.get(\"#select2-customermastersearch-cust_category_id-container\").click({\n  force: true\n}).get('#customermastersearch-cust_category_id').select(\"Select All\", {\n  force: true\n});",
              "err": {},
              "uuid": "18a2abcb-3aea-4d67-85ea-7568034b7629",
              "parentUUID": "4a1d883b-644e-4cfd-97f8-665b88f0ef40",
              "isHook": false,
              "skipped": false
            },
            {
              "title": "Search with: Status",
              "fullTitle": "LoyaltiExpert_Search By Different Parameters Search with: Status",
              "timedOut": null,
              "duration": 24542,
              "state": "passed",
              "speed": "slow",
              "pass": true,
              "fail": false,
              "pending": false,
              "context": null,
              "code": "//search with Status \ncy.wait(3000);\ncy.get(\"#select2-customermastersearch-cust_status-container\").click({\n  force: true\n}).get('#customermastersearch-cust_status').select(\"Inactive\", {\n  force: true\n});\ncy.wait(3000);\ncy.get(\"button[type='submit']\").click({\n  force: true\n});\ncy.wait(3000);\ncy.get(\"div[class='pull-left d-none d-lg-block'] div[class='summary']\").should(\"have.contain\", \"Showing\"); // validating the showing word\ncy.get(\"#headingSearch\").click();\ncy.wait(3000);\ncy.get(\"#select2-customermastersearch-cust_status-container\").click({\n  force: true\n}).get('#customermastersearch-cust_status').select(\"Select All\", {\n  force: true\n});",
              "err": {},
              "uuid": "2ee9eca3-810a-42f7-b9e1-4a8fb92ab3e7",
              "parentUUID": "4a1d883b-644e-4cfd-97f8-665b88f0ef40",
              "isHook": false,
              "skipped": false
            },
            {
              "title": "Search With: Profile_Completed",
              "fullTitle": "LoyaltiExpert_Search By Different Parameters Search With: Profile_Completed",
              "timedOut": null,
              "duration": 27370,
              "state": "passed",
              "speed": "slow",
              "pass": true,
              "fail": false,
              "pending": false,
              "context": null,
              "code": "cy.wait(3000);\ncy.get('#select2-customermastersearch-is_profile_complete-container').click({\n  force: true\n}).get('#customermastersearch-is_profile_complete').select(\"Yes\", {\n  force: true\n});\ncy.wait(3000);\ncy.get(\"button[type='submit']\").click({\n  force: true\n});\ncy.wait(3000);\ncy.get(\"div[class='pull-left d-none d-lg-block'] div[class='summary']\").should(\"have.contain\", \"Showing\");\ncy.wait(3000);\ncy.get(\"#headingSearch\").click();\ncy.wait(3000);\ncy.get('#select2-customermastersearch-is_profile_complete-container').click({\n  force: true\n}).get('#customermastersearch-is_profile_complete').select(\"Select All\", {\n  force: true\n});",
              "err": {},
              "uuid": "9e7765f3-dc9e-4c1b-aaf1-86b594203a85",
              "parentUUID": "4a1d883b-644e-4cfd-97f8-665b88f0ef40",
              "isHook": false,
              "skipped": false
            },
            {
              "title": "Search with: Country, State & city",
              "fullTitle": "LoyaltiExpert_Search By Different Parameters Search with: Country, State & city",
              "timedOut": null,
              "duration": 44422,
              "state": "passed",
              "speed": "slow",
              "pass": true,
              "fail": false,
              "pending": false,
              "context": null,
              "code": "//search with Country\ncy.wait(3000);\ncy.get(\"#select2-customermastersearch-country_id-container\").click({\n  force: true\n}).get(\"#customermastersearch-country_id\").select(\"India\", {\n  force: true\n}); //1st-click button, 2nd get-list \ncy.wait(3000);\n//search with States\ncy.get(\"#select2-customermastersearch-state_id-container\").click({\n  force: true\n}).get(\"#customermastersearch-state_id\").select(\"Maharashtra\", {\n  force: true\n}); //1st-click button, 2nd get-list \ncy.wait(3000);\n//search with City\ncy.get(\"#select2-customermastersearch-city_id-container\").click({\n  force: true\n}).get(\"#customermastersearch-city_id\").select(\"Pune\", {\n  force: true\n}); //1st-click button, 2nd get-list \ncy.wait(3000);\ncy.get(\"button[type='submit']\").click({\n  force: true\n});\ncy.wait(3000);\ncy.get(\"div[class='pull-left d-none d-lg-block'] div[class='summary']\").should('have.contain', \"Showing\");\ncy.wait(3000);\ncy.get(\"#headingSearch\").click();\ncy.wait(3000);\ncy.get(\"#select2-customermastersearch-country_id-container\").click({\n  force: true\n}).get(\"#customermastersearch-country_id\").select(\"Select All\", {\n  force: true\n}); //1st-click button, 2nd get-list \ncy.wait(3000);\ncy.get(\"#select2-customermastersearch-state_id-container\").click({\n  force: true\n}).get(\"#customermastersearch-state_id\").select(\"Select All\", {\n  force: true\n}); //1st-click button, 2nd get-list \ncy.wait(3000);\ncy.get(\"#select2-customermastersearch-city_id-container\").click({\n  force: true\n}).get(\"#customermastersearch-city_id\").select(\"Select All\", {\n  force: true\n});\ncy.wait(3000);",
              "err": {},
              "uuid": "a25b3824-8361-44ad-b127-a5df968ed152",
              "parentUUID": "4a1d883b-644e-4cfd-97f8-665b88f0ef40",
              "isHook": false,
              "skipped": false
            },
            {
              "title": "Search with: Verified Customer",
              "fullTitle": "LoyaltiExpert_Search By Different Parameters Search with: Verified Customer",
              "timedOut": null,
              "duration": 24505,
              "state": "passed",
              "speed": "slow",
              "pass": true,
              "fail": false,
              "pending": false,
              "context": null,
              "code": "//with Verified Customer\ncy.get(\"#select2-customermastersearch-is_verified-container\").click({\n  force: true\n}).get(\"#customermastersearch-is_verified\").select(\"YES\", {\n  force: true\n});\ncy.wait(3000);\ncy.get(\"button[type='submit']\").click({\n  force: true\n});\ncy.wait(3000);\ncy.get(\"div[class='pull-left d-none d-lg-block'] div[class='summary']\").should(\"have.contain\", 'Showing');\ncy.wait(3000);\ncy.get(\"#headingSearch\").click();\ncy.wait(3000);",
              "err": {},
              "uuid": "87bdabe5-ee5c-43e2-be0d-36e2fb3ef90e",
              "parentUUID": "4a1d883b-644e-4cfd-97f8-665b88f0ef40",
              "isHook": false,
              "skipped": false
            },
            {
              "title": "Search with: KYC Status",
              "fullTitle": "LoyaltiExpert_Search By Different Parameters Search with: KYC Status",
              "timedOut": null,
              "duration": 30049,
              "state": "passed",
              "speed": "slow",
              "pass": true,
              "fail": false,
              "pending": false,
              "context": null,
              "code": "//search with KYC statas\ncy.wait(3000); //search link click\ncy.get(\"#select2-customermastersearch-kyc_status-container\").click({\n  force: true\n}).get(\"#customermastersearch-kyc_status\").select(\"Rejected\", {\n  force: true\n});\ncy.wait(3000);\ncy.get(\"button[type='submit']\").click({\n  force: true\n});\ncy.wait(3000);\ncy.get(\"div[class='pull-left d-none d-lg-block'] div[class='summary']\").should(\"have.contain\", 'Showing');\ncy.wait(3000);\ncy.get(\"#headingSearch\").click();\ncy.wait(3000);\ncy.get(\"#select2-customermastersearch-kyc_status-container\").click({\n  force: true\n}).get(\"#customermastersearch-kyc_status\").select(\"Select All\", {\n  force: true\n});\n// for reset button\ncy.get(\".btn-format-size.btn-relief-danger.waves-effect.waves-light\").click();",
              "err": {},
              "uuid": "8f3d7fa0-7724-4ac1-b584-9734c63294d1",
              "parentUUID": "4a1d883b-644e-4cfd-97f8-665b88f0ef40",
              "isHook": false,
              "skipped": false
            }
          ],
          "suites": [],
          "passes": [
            "be193105-d500-42ac-9db6-ed32c85434d1",
            "a64d005b-3d3f-4f8c-8238-32669fe182a8",
            "18a2abcb-3aea-4d67-85ea-7568034b7629",
            "2ee9eca3-810a-42f7-b9e1-4a8fb92ab3e7",
            "9e7765f3-dc9e-4c1b-aaf1-86b594203a85",
            "a25b3824-8361-44ad-b127-a5df968ed152",
            "87bdabe5-ee5c-43e2-be0d-36e2fb3ef90e",
            "8f3d7fa0-7724-4ac1-b584-9734c63294d1"
          ],
          "failures": [],
          "pending": [],
          "skipped": [],
          "duration": 225099,
          "root": false,
          "rootEmpty": false,
          "_timeout": 2000
        }
      ],
      "passes": [],
      "failures": [],
      "pending": [],
      "skipped": [],
      "duration": 0,
      "root": true,
      "rootEmpty": true,
      "_timeout": 2000
    }
  ],
  "meta": {
    "mocha": {
      "version": "7.0.1"
    },
    "mochawesome": {
      "options": {
        "quiet": false,
        "reportFilename": "mochawesome",
        "saveHtml": false,
        "saveJson": true,
        "consoleReporter": "spec",
        "useInlineDiffs": false,
        "code": true
      },
      "version": "7.1.3"
    },
    "marge": {
      "options": {
        "charts": true,
        "overwrite": false,
        "html": false,
        "json": true,
        "reportDir": "cypress/report/mochawesome-report"
      },
      "version": "6.2.0"
    }
  }
}