{
  "stats": {
    "suites": 1,
    "tests": 4,
    "passes": 4,
    "pending": 0,
    "failures": 0,
    "start": "2023-02-16T07:53:02.212Z",
    "end": "2023-02-16T07:54:09.199Z",
    "duration": 66987,
    "testsRegistered": 4,
    "passPercent": 100,
    "pendingPercent": 0,
    "other": 0,
    "hasOther": false,
    "skipped": 0,
    "hasSkipped": false
  },
  "results": [
    {
      "uuid": "6929f48c-21ed-4b3c-b954-d9c379c16433",
      "title": "",
      "fullFile": "cypress/e2e/DepartmentNode.cy.js",
      "file": "cypress/e2e/DepartmentNode.cy.js",
      "beforeHooks": [],
      "afterHooks": [],
      "tests": [],
      "suites": [
        {
          "uuid": "06936800-784e-49b3-b8e6-6316421cb981",
          "title": "department",
          "fullFile": "",
          "file": "",
          "beforeHooks": [],
          "afterHooks": [],
          "tests": [
            {
              "title": "addnewdepartment ",
              "fullTitle": "department addnewdepartment ",
              "timedOut": null,
              "duration": 25668,
              "state": "passed",
              "speed": "slow",
              "pass": true,
              "fail": false,
              "pending": false,
              "context": null,
              "code": "cy.get(\"#hov\").click();\ncy.get('.breadcrumb > .active').should(\"be.visible\");\ncy.get(\".btn.btn-format-size.btn-relief-danger.waves-effect.waves-light\").should('be.visible');\ncy.get(\"#departments-department_name\").type(\"Testing1\") //add new\n.should(\"have.value\", \"Testing1\");\ncy.get(\"#departments-department_desc\").type(\"Here is testing for automation\").should(\"have.value\", \"Here is testing for automation\");\ncy.get('.btn-relief-primary').click();\n//cy.get('.toast-title').should(\"be.visible\")\ncy.wait(5000);",
              "err": {},
              "uuid": "1b51fba9-eb46-4181-a0fc-c388b097d948",
              "parentUUID": "06936800-784e-49b3-b8e6-6316421cb981",
              "isHook": false,
              "skipped": false
            },
            {
              "title": "searchdepartment",
              "fullTitle": "department searchdepartment",
              "timedOut": null,
              "duration": 15712,
              "state": "passed",
              "speed": "slow",
              "pass": true,
              "fail": false,
              "pending": false,
              "context": null,
              "code": "cy.get('#headingSearch').click(); //search\ncy.get('#departmentssearch-department_name').type(\"Testing1\").should(\"have.value\", \"Testing1\");\n//cy.reload()\ncy.get(\".btn.btn-format-size.btn-relief-danger.waves-effect.waves-light\").should(\"be.visible\");\ncy.get('.btn-relief-primary').click();\ncy.reload();\ncy.wait(3000);",
              "err": {},
              "uuid": "ecbb190d-04a5-4315-9a0f-9977c0f63f75",
              "parentUUID": "06936800-784e-49b3-b8e6-6316421cb981",
              "isHook": false,
              "skipped": false
            },
            {
              "title": "Delete_depart",
              "fullTitle": "department Delete_depart",
              "timedOut": null,
              "duration": 10320,
              "state": "passed",
              "speed": "slow",
              "pass": true,
              "fail": false,
              "pending": false,
              "context": null,
              "code": "//cy.get('[data-index=\"0\"] > .btn-space > #department-delete-id > .feather').click()\ncy.get('[data-index=\"0\"] .text-left.btn-space .mr-1:nth-child(2)').click({\n  force: true\n}); //for delete\ncy.get('.modal-footer>[onclick=\"deleteDepartment()\"]').click();\n//cy.wait(1000)\n// cy.get(\"#add_comment_input\").type(\"deleting..\")\n// cy.get('.btn-primary.add_comment.waves-effect.waves-light').click()\n//cy.wait(3000)\n// cy.get('#main-menu-navigation>li>[href=\"/departments/departments/index\"]').click()\n//cy.contains(\"Deleted Successfully\").should(\"be.visible\");",
              "err": {},
              "uuid": "4977a400-2b85-4692-bcd5-99f296b5cf3a",
              "parentUUID": "06936800-784e-49b3-b8e6-6316421cb981",
              "isHook": false,
              "skipped": false
            },
            {
              "title": "Import_Functionality",
              "fullTitle": "department Import_Functionality",
              "timedOut": null,
              "duration": 12150,
              "state": "passed",
              "speed": "slow",
              "pass": true,
              "fail": false,
              "pending": false,
              "context": null,
              "code": "//cy.get('.btn-group > .dropdown-menu > .dropdown-item').click()  \n//cy.get(\".btn-group dropdown\").click().get('dropdown-menu').select[\"Import\"]\n// cy.get(\".dropdown-menu.show\").select(\"Import\")\ncy.get('.card-header > .btn-group > .btn').click();\ncy.get('.dropdown-menu>[href=\"/departments/departments/import\"]:first-child').click();\n//cy.get('.btn-group > .dropdown-menu > .dropdown-item').click()\ncy.get(\".breadcrumb-item.active\").should(\"have.text\", \"Import Deparments\");\ncy.get(\"button[type='submit']\").should(\"be.visible\");",
              "err": {},
              "uuid": "0ad0b75b-77cb-479f-b2c4-ac3ff495a11b",
              "parentUUID": "06936800-784e-49b3-b8e6-6316421cb981",
              "isHook": false,
              "skipped": false
            }
          ],
          "suites": [],
          "passes": [
            "1b51fba9-eb46-4181-a0fc-c388b097d948",
            "ecbb190d-04a5-4315-9a0f-9977c0f63f75",
            "4977a400-2b85-4692-bcd5-99f296b5cf3a",
            "0ad0b75b-77cb-479f-b2c4-ac3ff495a11b"
          ],
          "failures": [],
          "pending": [],
          "skipped": [],
          "duration": 63850,
          "root": false,
          "rootEmpty": false,
          "_timeout": 2000
        }
      ],
      "passes": [],
      "failures": [],
      "pending": [],
      "skipped": [],
      "duration": 0,
      "root": true,
      "rootEmpty": true,
      "_timeout": 2000
    }
  ],
  "meta": {
    "mocha": {
      "version": "7.0.1"
    },
    "mochawesome": {
      "options": {
        "quiet": false,
        "reportFilename": "mochawesome",
        "saveHtml": false,
        "saveJson": true,
        "consoleReporter": "spec",
        "useInlineDiffs": false,
        "code": true
      },
      "version": "7.1.3"
    },
    "marge": {
      "options": {
        "charts": true,
        "overwrite": false,
        "html": false,
        "json": true,
        "reportDir": "cypress/report/mochawesome-report"
      },
      "version": "6.2.0"
    }
  }
}