{
  "stats": {
    "suites": 1,
    "tests": 6,
    "passes": 6,
    "pending": 0,
    "failures": 0,
    "start": "2023-02-16T08:53:49.116Z",
    "end": "2023-02-16T08:55:23.811Z",
    "duration": 94695,
    "testsRegistered": 6,
    "passPercent": 100,
    "pendingPercent": 0,
    "other": 0,
    "hasOther": false,
    "skipped": 0,
    "hasSkipped": false
  },
  "results": [
    {
      "uuid": "4f19800f-dd70-4461-bf86-0320f4fe9064",
      "title": "",
      "fullFile": "cypress/e2e/UserType.cy.js",
      "file": "cypress/e2e/UserType.cy.js",
      "beforeHooks": [],
      "afterHooks": [],
      "tests": [],
      "suites": [
        {
          "uuid": "6f88a291-ad0a-4915-99b1-e24d10dce57d",
          "title": "UserType Module",
          "fullFile": "",
          "file": "",
          "beforeHooks": [],
          "afterHooks": [],
          "tests": [
            {
              "title": "Add New",
              "fullTitle": "UserType Module Add New",
              "timedOut": null,
              "duration": 20672,
              "state": "passed",
              "speed": "slow",
              "pass": true,
              "fail": false,
              "pending": false,
              "context": null,
              "code": "cy.get(\".breadcrumb-item.active\").should(\"be.visible\");\ncy.get(\"#hov\").should(\"be.visible\");\ncy.get(\"#hov\").click();\ncy.get(\"#salesusertypemaster-sales_user_type_name\").type(\"Rohini1\");\n//cy.get(\"#select2-tenant_master_search_user_gender-container\").click().get(\"select2-tenant_master_search_user_gender-container\")\ncy.get(\"#tenant_master_search_user_gender\").select(\"test 11\", {\n  force: true\n});\ncy.get(\"button[type='submit']\").click();",
              "err": {},
              "uuid": "cb41159c-6601-4852-a735-b9cc83f9691b",
              "parentUUID": "6f88a291-ad0a-4915-99b1-e24d10dce57d",
              "isHook": false,
              "skipped": false
            },
            {
              "title": "Search By User Type",
              "fullTitle": "UserType Module Search By User Type",
              "timedOut": null,
              "duration": 14146,
              "state": "passed",
              "speed": "slow",
              "pass": true,
              "fail": false,
              "pending": false,
              "context": null,
              "code": "cy.get(\"#headingSearch\").click();\ncy.get(\"#select2-salesusertypemastersearch-sales_user_type_name-container\").click().get(\"#salesusertypemastersearch-sales_user_type_name\").select(\"test 11\", {\n  force: true\n});\n//serach by user type\ncy.get(\"button[type='submit']\").click(); //click on search \n// select2-salesusertypemastersearch-sales_user_type_status-container",
              "err": {},
              "uuid": "9924b762-2f78-48db-853e-eb7e8fc80818",
              "parentUUID": "6f88a291-ad0a-4915-99b1-e24d10dce57d",
              "isHook": false,
              "skipped": false
            },
            {
              "title": "Search By Status",
              "fullTitle": "UserType Module Search By Status",
              "timedOut": null,
              "duration": 13357,
              "state": "passed",
              "speed": "slow",
              "pass": true,
              "fail": false,
              "pending": false,
              "context": null,
              "code": "cy.get(\"#headingSearch\").click();\ncy.get(\"#select2-salesusertypemastersearch-sales_user_type_status-container\").click().get(\"#salesusertypemastersearch-sales_user_type_status\").select(\"Inactive\", {\n  force: true\n});\n//serach by user type\ncy.get(\"button[type='submit']\").click(); //click on search",
              "err": {},
              "uuid": "a5069070-c1d3-4524-85c8-caf75a545f3d",
              "parentUUID": "6f88a291-ad0a-4915-99b1-e24d10dce57d",
              "isHook": false,
              "skipped": false
            },
            {
              "title": "Validation Of UserType Page",
              "fullTitle": "UserType Module Validation Of UserType Page",
              "timedOut": null,
              "duration": 12512,
              "state": "passed",
              "speed": "slow",
              "pass": true,
              "fail": false,
              "pending": false,
              "context": null,
              "code": "cy.get(\"em[data-placement='left']\").should(\"be.visible\");\ncy.get(\"#hov\").should(\"be.visible\"); //add new button\ncy.get(\"#headingSearch\").should(\"be.visible\"); //search button\ncy.get(\".btn.btn-default.dropdown-toggle\").should(\"be.visible\"); //coulumn selection\ncy.get(\"#change-records-per-page\").should(\"be.visible\"); //no of record per page visibility\ncy.get(\"div[class='pull-left d-none d-lg-block'] div[class='summary']\").should(\"be.visible\");",
              "err": {},
              "uuid": "c5cb0be8-0b2e-4a9a-8b69-70cac862eb05",
              "parentUUID": "6f88a291-ad0a-4915-99b1-e24d10dce57d",
              "isHook": false,
              "skipped": false
            },
            {
              "title": "Edit Actions On Usertype",
              "fullTitle": "UserType Module Edit Actions On Usertype",
              "timedOut": null,
              "duration": 18363,
              "state": "passed",
              "speed": "slow",
              "pass": true,
              "fail": false,
              "pending": false,
              "context": null,
              "code": "cy.get('#table1>tbody>[data-index=\"0\"]>.text-center.btn-space>.mr-1:first-child').click();\ncy.get(\".breadcrumb-item.active\").should(\"be.contain\", \"Update User Type\"); //update user type validation\ncy.get('#select2-tenant_master_search_user_gender-container').click().get(\"#tenant_master_search_user_gender\").select(\"Level 1\", {\n  force: true\n});\n//cy.get('#select2-tenant_master_search_user_gender-container').select(\"Level 1\",{force:true})\ncy.get(\"button[type='submit']\").click(); // click on update\ncy.contains(\"Updated Successfully.\").should(\"be.visible\");",
              "err": {},
              "uuid": "03bdcf03-66c6-4338-b599-70679122a273",
              "parentUUID": "6f88a291-ad0a-4915-99b1-e24d10dce57d",
              "isHook": false,
              "skipped": false
            },
            {
              "title": "Delete Actions On Usertype",
              "fullTitle": "UserType Module Delete Actions On Usertype",
              "timedOut": null,
              "duration": 13295,
              "state": "passed",
              "speed": "slow",
              "pass": true,
              "fail": false,
              "pending": false,
              "context": null,
              "code": "cy.get('#table1>tbody>[data-index=\"0\"]>.text-center.btn-space>.mr-1:nth-child(2)').click();\n//cy.contains(\"Are you sure ?\").should(\"be.visible\"); //update user type validation\ncy.get('#deleteUserType').click({\n  force: true\n}); // clcik on delete\n//cy.get(\"button[class='btn btn-secondary waves-effect waves-light']\").click() //clcicking on close/cancel\n//cy.contains(\"Removed Successfully.\").should(\"be.visible\");",
              "err": {},
              "uuid": "f83f6510-4e6b-4a45-873b-e11c7e735791",
              "parentUUID": "6f88a291-ad0a-4915-99b1-e24d10dce57d",
              "isHook": false,
              "skipped": false
            }
          ],
          "suites": [],
          "passes": [
            "cb41159c-6601-4852-a735-b9cc83f9691b",
            "9924b762-2f78-48db-853e-eb7e8fc80818",
            "a5069070-c1d3-4524-85c8-caf75a545f3d",
            "c5cb0be8-0b2e-4a9a-8b69-70cac862eb05",
            "03bdcf03-66c6-4338-b599-70679122a273",
            "f83f6510-4e6b-4a45-873b-e11c7e735791"
          ],
          "failures": [],
          "pending": [],
          "skipped": [],
          "duration": 92345,
          "root": false,
          "rootEmpty": false,
          "_timeout": 2000
        }
      ],
      "passes": [],
      "failures": [],
      "pending": [],
      "skipped": [],
      "duration": 0,
      "root": true,
      "rootEmpty": true,
      "_timeout": 2000
    }
  ],
  "meta": {
    "mocha": {
      "version": "7.0.1"
    },
    "mochawesome": {
      "options": {
        "quiet": false,
        "reportFilename": "mochawesome",
        "saveHtml": false,
        "saveJson": true,
        "consoleReporter": "spec",
        "useInlineDiffs": false,
        "code": true
      },
      "version": "7.1.3"
    },
    "marge": {
      "options": {
        "charts": true,
        "overwrite": true,
        "html": false,
        "json": true,
        "reportDir": "cypress/report/mochawesome-report"
      },
      "version": "6.2.0"
    }
  }
}