{
  "stats": {
    "suites": 1,
    "tests": 4,
    "passes": 4,
    "pending": 0,
    "failures": 0,
    "start": "2023-02-16T08:00:21.356Z",
    "end": "2023-02-16T08:01:54.784Z",
    "duration": 93428,
    "testsRegistered": 4,
    "passPercent": 100,
    "pendingPercent": 0,
    "other": 0,
    "hasOther": false,
    "skipped": 0,
    "hasSkipped": false
  },
  "results": [
    {
      "uuid": "8087fceb-5d36-4bb4-b77f-45de619e13bb",
      "title": "",
      "fullFile": "cypress/e2e/Table_handling.cy.js",
      "file": "cypress/e2e/Table_handling.cy.js",
      "beforeHooks": [],
      "afterHooks": [],
      "tests": [],
      "suites": [
        {
          "uuid": "6b4b9ec3-ffb2-4db2-a852-9c1d5e55f93d",
          "title": "Customer_Table_Validation",
          "fullFile": "",
          "file": "",
          "beforeHooks": [],
          "afterHooks": [],
          "tests": [
            {
              "title": "Customer Table Pagination Access",
              "fullTitle": "Customer_Table_Validation Customer Table Pagination Access",
              "timedOut": null,
              "duration": 53202,
              "state": "passed",
              "speed": "slow",
              "pass": true,
              "fail": false,
              "pending": false,
              "context": null,
              "code": "let total_page = 10;\nfor (let p = 3; p <= total_page; p++) {\n  if (total_page >= 1) {\n    cy.log(\"active pages are: \" + p);\n    cy.get(\"ul[class='pagination']>li:nth-child(\" + p + \")\");\n    cy.wait(3000);\n    // to read the  col\n    cy.get(\"#table1>tbody>tr\")\n    //.fixed-table-body>#table1>thead>tr>th:nth-child(4)\n    //div[class='fixed-table-header'] th:nth-child(1) div:nth-child(1)\n    .each(($row, index, $rows) => {\n      // getting every row, index of row\n      cy.wrap($row).within(() => {\n        //.fixed-table-body>#table1>tbody>tr>td:nth-child(4)\n        cy.get(\"td:nth-child(4)\").then(e =>\n        //mobilr no column\n        {\n          cy.log(e.text());\n        });\n      });\n    });\n  }\n}",
              "err": {},
              "uuid": "72ae178a-9d91-4e4a-9a76-869407a13310",
              "parentUUID": "6b4b9ec3-ffb2-4db2-a852-9c1d5e55f93d",
              "isHook": false,
              "skipped": false
            },
            {
              "title": "Total_no_Items_Validation",
              "fullTitle": "Customer_Table_Validation Total_no_Items_Validation",
              "timedOut": null,
              "duration": 10390,
              "state": "passed",
              "speed": "slow",
              "pass": true,
              "fail": false,
              "pending": false,
              "context": null,
              "code": "// too find total no of pages\nlet total;\ncy.get(\".summary\").then(e => {\n  let mytext = e.text();\n  total = mytext.substring(mytext.indexOf('of ') + 1, mytext.indexOf('items') - 1);\n  // to retriev the index of page no. \n  cy.log(\"total no of pages:   \" + total);\n});",
              "err": {},
              "uuid": "3ac4aee5-54b2-4680-b05f-fd7e70c0b0da",
              "parentUUID": "6b4b9ec3-ffb2-4db2-a852-9c1d5e55f93d",
              "isHook": false,
              "skipped": false
            },
            {
              "title": "Check No. of rows & columns",
              "fullTitle": "Customer_Table_Validation Check No. of rows & columns",
              "timedOut": null,
              "duration": 10917,
              "state": "passed",
              "speed": "slow",
              "pass": true,
              "fail": false,
              "pending": false,
              "context": null,
              "code": "//tr tag is in the tbody so used > .we know the total rows 10 so we write assertion to check total rows\ncy.get(\".fixed-table-body>#table1>tbody>tr\").should(\"have.length\", 10); //rows\ncy.get(\".fixed-table-body>#table1>thead>tr>th\").should(\"have.length\", 22); //col",
              "err": {},
              "uuid": "32c37e6a-f66d-4c26-a8a4-6c1ede7a098a",
              "parentUUID": "6b4b9ec3-ffb2-4db2-a852-9c1d5e55f93d",
              "isHook": false,
              "skipped": false
            },
            {
              "title": "Read all data from First Page",
              "fullTitle": "Customer_Table_Validation Read all data from First Page",
              "timedOut": null,
              "duration": 14397,
              "state": "passed",
              "speed": "slow",
              "pass": true,
              "fail": false,
              "pending": false,
              "context": null,
              "code": "cy.get(\".fixed-table-body>#table1>tbody>tr\").each(($row, index, $rows) => {\n  // getting every row, index of row\n  cy.wrap($row).within(() =>\n  //getting values in every col for each row\n  {\n    cy.get(\"td\").each(($col, index, $cols) => {\n      cy.log($cols.text());\n    });\n  });\n});",
              "err": {},
              "uuid": "9f15fc71-2e9b-4f2f-9c61-7d2fc52cd293",
              "parentUUID": "6b4b9ec3-ffb2-4db2-a852-9c1d5e55f93d",
              "isHook": false,
              "skipped": false
            }
          ],
          "suites": [],
          "passes": [
            "72ae178a-9d91-4e4a-9a76-869407a13310",
            "3ac4aee5-54b2-4680-b05f-fd7e70c0b0da",
            "32c37e6a-f66d-4c26-a8a4-6c1ede7a098a",
            "9f15fc71-2e9b-4f2f-9c61-7d2fc52cd293"
          ],
          "failures": [],
          "pending": [],
          "skipped": [],
          "duration": 88906,
          "root": false,
          "rootEmpty": false,
          "_timeout": 2000
        }
      ],
      "passes": [],
      "failures": [],
      "pending": [],
      "skipped": [],
      "duration": 0,
      "root": true,
      "rootEmpty": true,
      "_timeout": 2000
    }
  ],
  "meta": {
    "mocha": {
      "version": "7.0.1"
    },
    "mochawesome": {
      "options": {
        "quiet": false,
        "reportFilename": "mochawesome",
        "saveHtml": false,
        "saveJson": true,
        "consoleReporter": "spec",
        "useInlineDiffs": false,
        "code": true
      },
      "version": "7.1.3"
    },
    "marge": {
      "options": {
        "charts": true,
        "overwrite": false,
        "html": false,
        "json": true,
        "reportDir": "cypress/report/mochawesome-report"
      },
      "version": "6.2.0"
    }
  }
}